<?xml version="1.0" encoding="UTF-8"?>
<!-- Generated by org.testng.reporters.JUnitReportReporter -->
<testsuite hostname="DESKTOP-3BKRARD" failures="0" tests="2" name="cucumber.TestngTestRunnerBDD" time="25.467" errors="0" timestamp="2025-08-29T18:16:13 IST" skipped="0">
  <testcase classname="cucumber.TestngTestRunnerBDD" name="runScenario" time="12.379"/>
  <testcase classname="cucumber.TestngTestRunnerBDD" name="runScenario" time="13.088"/>
</testsuite> <!-- cucumber.TestngTestRunnerBDD -->
