<?xml version="1.0" encoding="UTF-8"?>
<!-- Generated by org.testng.reporters.JUnitReportReporter -->
<testsuite hostname="DESKTOP-3BKRARD" failures="0" tests="4" name="pranayTest.SubmitOrder" time="71.652" errors="0" timestamp="2025-08-29T13:53:43 IST" skipped="0">
  <testcase classname="pranayTest.SubmitOrder" name="SubmitOrder" time="14.551"/>
  <testcase classname="pranayTest.SubmitOrder" name="orderHistory" time="27.730"/>
  <testcase classname="pranayTest.SubmitOrder" name="orderHistory" time="17.181"/>
  <testcase classname="pranayTest.SubmitOrder" name="SubmitOrder" time="12.190"/>
</testsuite> <!-- pranayTest.SubmitOrder -->
