<?xml version="1.0" encoding="UTF-8"?>
<!-- Generated by org.testng.reporters.JUnitReportReporter -->
<testsuite hostname="DESKTOP-3BKRARD" failures="0" tests="2" name="cucumber.TestngTestRunnerBDD" time="23.255" errors="0" timestamp="2025-08-29T14:00:25 IST" skipped="0">
  <testcase classname="cucumber.TestngTestRunnerBDD" name="runScenario" time="9.548"/>
  <testcase classname="cucumber.TestngTestRunnerBDD" name="runScenario" time="13.707"/>
</testsuite> <!-- cucumber.TestngTestRunnerBDD -->
