<?xml version="1.0" encoding="UTF-8"?>
<!-- Generated by org.testng.reporters.JUnitReportReporter -->
<testsuite hostname="DESKTOP-3BKRARD" failures="0" tests="4" name="pranayTest.ErrorValidation" time="81.761" errors="0" timestamp="2025-09-01T10:36:28 IST" skipped="0">
  <testcase classname="pranayTest.ErrorValidation" name="ErrorNoProductFound" time="26.659"/>
  <testcase classname="pranayTest.ErrorValidation" name="ErrorValidation" time="13.683"/>
  <testcase classname="pranayTest.ErrorValidation" name="ErrorValidation" time="11.577"/>
  <testcase classname="pranayTest.ErrorValidation" name="ErrorNoProductFound" time="29.842"/>
</testsuite> <!-- pranayTest.ErrorValidation -->
