<?xml version="1.0" encoding="UTF-8"?>
<!-- Generated by org.testng.reporters.JUnitReportReporter -->
<testsuite hostname="DESKTOP-3BKRARD" failures="0" tests="1" name="pranayTest.Test1" time="11.060" errors="0" timestamp="2025-08-24T13:42:53 IST" skipped="0">
  <testcase classname="pranayTest.Test1" name="TestMethod1" time="11.060"/>
</testsuite> <!-- pranayTest.Test1 -->
