<?xml version="1.0" encoding="UTF-8"?>
<!-- Generated by org.testng.reporters.JUnitReportReporter -->
<testsuite hostname="DESKTOP-3BKRARD" failures="0" tests="4" name="pranayTest.SubmitOrder" time="103.046" errors="0" timestamp="2025-09-01T10:36:28 IST" skipped="0">
  <testcase classname="pranayTest.SubmitOrder" name="SubmitOrder" time="17.781"/>
  <testcase classname="pranayTest.SubmitOrder" name="SubmitOrder" time="28.465"/>
  <testcase classname="pranayTest.SubmitOrder" name="orderHistory" time="24.681"/>
  <testcase classname="pranayTest.SubmitOrder" name="orderHistory" time="32.119"/>
</testsuite> <!-- pranayTest.SubmitOrder -->
