<?xml version="1.0" encoding="UTF-8"?>
<!-- Generated by org.testng.reporters.JUnitReportReporter -->
<testsuite hostname="DESKTOP-3BKRARD" failures="0" tests="2" name="pranayTest.ErrorValidation" time="15.588" errors="0" timestamp="2025-08-29T13:53:43 IST" skipped="0">
  <testcase classname="pranayTest.ErrorValidation" name="ErrorNoProductFound" time="9.309"/>
  <testcase classname="pranayTest.ErrorValidation" name="ErrorValidation" time="6.279"/>
</testsuite> <!-- pranayTest.ErrorValidation -->
