<?xml version="1.0" encoding="UTF-8"?>
<!-- Generated by org.testng.reporters.JUnitReportReporter -->
<testsuite hostname="DESKTOP-3BKRARD" failures="0" tests="2" name="pranayTest.ErrorValidation" time="15.491" errors="0" timestamp="2025-08-29T17:39:31 IST" skipped="0">
  <testcase classname="pranayTest.ErrorValidation" name="ErrorNoProductFound" time="10.140"/>
  <testcase classname="pranayTest.ErrorValidation" name="ErrorValidation" time="5.351"/>
</testsuite> <!-- pranayTest.ErrorValidation -->
