<?xml version="1.0" encoding="UTF-8"?>
<!-- Generated by org.testng.reporters.JUnitReportReporter -->
<testsuite hostname="DESKTOP-3BKRARD" failures="0" tests="2" name="pranayTest.ErrorValidation" time="25.896" errors="0" timestamp="2025-08-30T15:59:09 IST" skipped="0">
  <testcase classname="pranayTest.ErrorValidation" name="ErrorNoProductFound" time="15.395"/>
  <testcase classname="pranayTest.ErrorValidation" name="ErrorValidation" time="10.501"/>
</testsuite> <!-- pranayTest.ErrorValidation -->
