<?xml version="1.0" encoding="UTF-8"?>
<!-- Generated by org.testng.reporters.JUnitReportReporter -->
<testsuite hostname="DESKTOP-3BKRARD" failures="0" tests="4" name="pranayTest.SubmitOrder" time="67.221" errors="0" timestamp="2025-08-29T17:39:31 IST" skipped="0">
  <testcase classname="pranayTest.SubmitOrder" name="orderHistory" time="18.428"/>
  <testcase classname="pranayTest.SubmitOrder" name="orderHistory" time="24.523"/>
  <testcase classname="pranayTest.SubmitOrder" name="SubmitOrder" time="8.532"/>
  <testcase classname="pranayTest.SubmitOrder" name="SubmitOrder" time="15.738"/>
</testsuite> <!-- pranayTest.SubmitOrder -->
