<?xml version="1.0" encoding="UTF-8"?>
<!-- Generated by org.testng.reporters.JUnitReportReporter -->
<testsuite hostname="DESKTOP-3BKRARD" failures="0" tests="2" name="pranayTest.ErrorValidation" time="34.225" errors="0" timestamp="2025-08-29T16:02:01 IST" skipped="0">
  <testcase classname="pranayTest.ErrorValidation" name="ErrorValidation" time="13.023"/>
  <testcase classname="pranayTest.ErrorValidation" name="ErrorNoProductFound" time="21.202"/>
</testsuite> <!-- pranayTest.ErrorValidation -->
